

Started GET "/" for 73.70.83.137 at 2017-10-10 23:24:04 +0000
Cannot render console from 73.70.83.137! Allowed networks: 127.0.0.1, ::1, 127.0.0.0/127.255.255.255

Gem::LoadError (Specified 'sqlite3' for database adapter, but the gem is not loaded. Add `gem 'sqlite3'` to your Gemfile (and ensure its version is at the minimum required by ActiveRecord).):
  activerecord (4.2.9) lib/active_record/connection_adapters/connection_specification.rb:177:in `rescue in spec'
  activerecord (4.2.9) lib/active_record/connection_adapters/connection_specification.rb:174:in `spec'
  activerecord (4.2.9) lib/active_record/connection_handling.rb:50:in `establish_connection'
  activerecord (4.2.9) lib/active_record/railtie.rb:122:in `block (2 levels) in <class:Railtie>'
  activesupport (4.2.9) lib/active_support/lazy_load_hooks.rb:38:in `instance_eval'
  activesupport (4.2.9) lib/active_support/lazy_load_hooks.rb:38:in `execute_hook'
  activesupport (4.2.9) lib/active_support/lazy_load_hooks.rb:45:in `block in run_load_hooks'
  activesupport (4.2.9) lib/active_support/lazy_load_hooks.rb:44:in `each'
  activesupport (4.2.9) lib/active_support/lazy_load_hooks.rb:44:in `run_load_hooks'
  activerecord (4.2.9) lib/active_record/base.rb:315:in `<module:ActiveRecord>'
  activerecord (4.2.9) lib/active_record/base.rb:26:in `<top (required)>'
  activesupport (4.2.9) lib/active_support/dependencies.rb:274:in `require'
  activesupport (4.2.9) lib/active_support/dependencies.rb:274:in `block in require'
  activesupport (4.2.9) lib/active_support/dependencies.rb:240:in `load_dependency'
  activesupport (4.2.9) lib/active_support/dependencies.rb:274:in `require'
  activerecord (4.2.9) lib/active_record/migration.rb:383:in `connection'
  activerecord (4.2.9) lib/active_record/migration.rb:370:in `call'
  actionpack (4.2.9) lib/action_dispatch/middleware/callbacks.rb:29:in `block in call'
  activesupport (4.2.9) lib/active_support/callbacks.rb:88:in `__run_callbacks__'
  activesupport (4.2.9) lib/active_support/callbacks.rb:778:in `_run_call_callbacks'
  activesupport (4.2.9) lib/active_support/callbacks.rb:81:in `run_callbacks'
  actionpack (4.2.9) lib/action_dispatch/middleware/callbacks.rb:27:in `call'
  actionpack (4.2.9) lib/action_dispatch/middleware/reloader.rb:73:in `call'
  actionpack (4.2.9) lib/action_dispatch/middleware/remote_ip.rb:78:in `call'
  actionpack (4.2.9) lib/action_dispatch/middleware/debug_exceptions.rb:17:in `call'
  web-console (2.3.0) lib/web_console/middleware.rb:20:in `block in call'
  web-console (2.3.0) lib/web_console/middleware.rb:18:in `catch'
  web-console (2.3.0) lib/web_console/middleware.rb:18:in `call'
  actionpack (4.2.9) lib/action_dispatch/middleware/show_exceptions.rb:30:in `call'
  railties (4.2.9) lib/rails/rack/logger.rb:38:in `call_app'
  railties (4.2.9) lib/rails/rack/logger.rb:20:in `block in call'
  activesupport (4.2.9) lib/active_support/tagged_logging.rb:68:in `block in tagged'
  activesupport (4.2.9) lib/active_support/tagged_logging.rb:26:in `tagged'
  activesupport (4.2.9) lib/active_support/tagged_logging.rb:68:in `tagged'
  railties (4.2.9) lib/rails/rack/logger.rb:20:in `call'
  actionpack (4.2.9) lib/action_dispatch/middleware/request_id.rb:21:in `call'
  rack (1.6.8) lib/rack/methodoverride.rb:22:in `call'
  rack (1.6.8) lib/rack/runtime.rb:18:in `call'
  activesupport (4.2.9) lib/active_support/cache/strategy/local_cache_middleware.rb:28:in `call'
  rack (1.6.8) lib/rack/lock.rb:17:in `call'
  actionpack (4.2.9) lib/action_dispatch/middleware/static.rb:120:in `call'
  rack (1.6.8) lib/rack/sendfile.rb:113:in `call'
  railties (4.2.9) lib/rails/engine.rb:518:in `call'
  railties (4.2.9) lib/rails/application.rb:165:in `call'
  rack (1.6.8) lib/rack/lock.rb:17:in `call'
  rack (1.6.8) lib/rack/content_length.rb:15:in `call'
  rack (1.6.8) lib/rack/handler/webrick.rb:88:in `service'
  /usr/local/rvm/rubies/ruby-2.3.0/lib/ruby/2.3.0/webrick/httpserver.rb:140:in `service'
  /usr/local/rvm/rubies/ruby-2.3.0/lib/ruby/2.3.0/webrick/httpserver.rb:96:in `run'
  /usr/local/rvm/rubies/ruby-2.3.0/lib/ruby/2.3.0/webrick/server.rb:296:in `block in start_thread'


  Rendered /usr/local/rvm/gems/ruby-2.3.0/gems/actionpack-4.2.9/lib/action_dispatch/middleware/templates/rescues/_source.erb (2.7ms)
  Rendered /usr/local/rvm/gems/ruby-2.3.0/gems/actionpack-4.2.9/lib/action_dispatch/middleware/templates/rescues/_trace.html.erb (1.7ms)
  Rendered /usr/local/rvm/gems/ruby-2.3.0/gems/actionpack-4.2.9/lib/action_dispatch/middleware/templates/rescues/_request_and_response.html.erb (1.1ms)
  Rendered /usr/local/rvm/gems/ruby-2.3.0/gems/actionpack-4.2.9/lib/action_dispatch/middleware/templates/rescues/diagnostics.html.erb within rescues/layout (28.5ms)
  [1m[36m (112.9ms)[0m  [1mDROP DATABASE IF EXISTS "sample_postgres_development"[0m
  [1m[35m (109.9ms)[0m  DROP DATABASE IF EXISTS "sample_postgres_test"
  [1m[36m (686.2ms)[0m  [1mCREATE DATABASE "sample_postgres_development" ENCODING = 'SQL_ASCII'[0m
  [1m[35m (671.7ms)[0m  CREATE DATABASE "sample_postgres_test" ENCODING = 'SQL_ASCII'
  [1m[36m (11.3ms)[0m  [1mCREATE TABLE "schema_migrations" ("version" character varying NOT NULL) [0m
  [1m[35m (5.9ms)[0m  CREATE UNIQUE INDEX  "unique_schema_migrations" ON "schema_migrations"  ("version")
  [1m[36mActiveRecord::SchemaMigration Load (0.3ms)[0m  [1mSELECT "schema_migrations".* FROM "schema_migrations"[0m


Started GET "/" for 73.70.83.137 at 2017-10-10 23:52:17 +0000
Cannot render console from 73.70.83.137! Allowed networks: 127.0.0.1, ::1, 127.0.0.0/127.255.255.255
Processing by Rails::WelcomeController#index as HTML
  Rendered /usr/local/rvm/gems/ruby-2.3.0/gems/railties-4.2.9/lib/rails/templates/rails/welcome/index.html.erb (2.4ms)
Completed 200 OK in 24ms (Views: 14.9ms | ActiveRecord: 0.0ms)
